<?xml version="1.0" encoding="UTF-8"?>
<!-- Generated by org.testng.reporters.JUnitXMLReporter -->
<testsuite hostname="PF0C64T7" ignored="0" name="Default test" tests="3" failures="0" timestamp="11 Dec 2018 14:45:17 GMT" time="13.371" errors="0">
  <testcase name="NewReservation1" time="0.01" classname="com.EOC.NewReservation.NewReservation"/>
  <testcase name="NewReservation2" time="0.003" classname="com.EOC.NewReservation.NewReservation"/>
  <testcase name="NewReservation3" time="0.001" classname="com.EOC.NewReservation.NewReservation"/>
</testsuite> <!-- Default test -->
