<?xml version="1.0" encoding="UTF-8"?>
<!-- Generated by org.testng.reporters.JUnitXMLReporter -->
<testsuite hostname="PF0C64T7" ignored="2" name="CancelReservation1" tests="1" failures="0" timestamp="24 Nov 2018 12:04:54 GMT" time="0.0" errors="0">
  <testcase name="CancelReservation1" time="0.0" classname="com.EOC.CancelReservation.CancelReservation"/>
  <testcase name="CancelReservation3" time="0.0" classname="com.EOC.CancelReservation.CancelReservation">
    <ignored/>
  </testcase> <!-- CancelReservation3 -->
  <testcase name="CancelReservation2" time="0.0" classname="com.EOC.CancelReservation.CancelReservation">
    <ignored/>
  </testcase> <!-- CancelReservation2 -->
</testsuite> <!-- CancelReservation1 -->
