<?xml version="1.0" encoding="UTF-8"?>
<!-- Generated by org.testng.reporters.JUnitXMLReporter -->
<testsuite hostname="PF0C64T7" ignored="2" name="ChangeReservation3" tests="1" failures="0" timestamp="24 Nov 2018 12:04:54 GMT" time="0.001" errors="0">
  <testcase name="ChangeReservation3" time="0.0" classname="com.EOC.ChangeReservation.ChangeReservation"/>
  <testcase name="ChangeReservation1" time="0.0" classname="com.EOC.ChangeReservation.ChangeReservation">
    <ignored/>
  </testcase> <!-- ChangeReservation1 -->
  <testcase name="ChangeReservation2" time="0.0" classname="com.EOC.ChangeReservation.ChangeReservation">
    <ignored/>
  </testcase> <!-- ChangeReservation2 -->
</testsuite> <!-- ChangeReservation3 -->
