<?xml version="1.0" encoding="UTF-8"?>
<!-- Generated by org.testng.reporters.JUnitXMLReporter -->
<testsuite hostname="PF0C64T7" ignored="2" name="NewReservation3" tests="1" failures="0" timestamp="11 Dec 2018 14:58:27 GMT" time="0.001" errors="0">
  <testcase name="NewReservation3" time="0.0" classname="com.EOC.NewReservation.NewReservation"/>
  <testcase name="NewReservation1" time="0.0" classname="com.EOC.NewReservation.NewReservation">
    <ignored/>
  </testcase> <!-- NewReservation1 -->
  <testcase name="NewReservation2" time="0.0" classname="com.EOC.NewReservation.NewReservation">
    <ignored/>
  </testcase> <!-- NewReservation2 -->
</testsuite> <!-- NewReservation3 -->
