<?xml version="1.0" encoding="UTF-8"?>
<!-- Generated by org.testng.reporters.JUnitXMLReporter -->
<testsuite hostname="PF0C64T7" ignored="3" name="NewReservation2" tests="1" failures="0" timestamp="05 Jan 2019 05:31:54 GMT" time="158.311" errors="0">
  <testcase name="NewReservation2" time="146.724" classname="com.EOC.NewReservation.NewReservation"/>
  <testcase name="NewReservation3" time="0.0" classname="com.EOC.NewReservation.NewReservation">
    <ignored/>
  </testcase> <!-- NewReservation3 -->
  <testcase name="TestDriver" time="0.0" classname="com.MMT.Utility.Driver">
    <ignored/>
  </testcase> <!-- TestDriver -->
  <testcase name="NewReservation1" time="0.0" classname="com.EOC.NewReservation.NewReservation">
    <ignored/>
  </testcase> <!-- NewReservation1 -->
</testsuite> <!-- NewReservation2 -->
